<?xml version="1.0" encoding="UTF-8"?>
<testsuite xmlns:xsi="http://www.w3.org/2001/XMLSchema-instance" xsi:noNamespaceSchemaLocation="https://maven.apache.org/surefire/maven-surefire-plugin/xsd/surefire-test-report-3.0.xsd" version="3.0" name="exampletests.MyTest" time="0.157" tests="1" errors="0" skipped="0" failures="0">
  <properties>
    <property name="java.specification.version" value="21"/>
    <property name="sun.jnu.encoding" value="UTF-8"/>
    <property name="java.class.path" value="/home/rebecca/Documents/ENSEIRB/Test logiciel/Projet/TestLogiciel/i3gl-project/target/test-classes:/home/rebecca/Documents/ENSEIRB/Test logiciel/Projet/TestLogiciel/i3gl-project/target/classes:/home/rebecca/.m2/repository/com/squareup/okhttp3/okhttp/4.9.3/okhttp-4.9.3.jar:/home/rebecca/.m2/repository/com/squareup/okio/okio/2.8.0/okio-2.8.0.jar:/home/rebecca/.m2/repository/org/jetbrains/kotlin/kotlin-stdlib-common/1.4.0/kotlin-stdlib-common-1.4.0.jar:/home/rebecca/.m2/repository/org/jetbrains/kotlin/kotlin-stdlib/1.4.10/kotlin-stdlib-1.4.10.jar:/home/rebecca/.m2/repository/org/jetbrains/annotations/13.0/annotations-13.0.jar:/home/rebecca/.m2/repository/org/json/json/20231013/json-20231013.jar:/home/rebecca/.m2/repository/org/junit/jupiter/junit-jupiter-api/5.10.0/junit-jupiter-api-5.10.0.jar:/home/rebecca/.m2/repository/org/opentest4j/opentest4j/1.3.0/opentest4j-1.3.0.jar:/home/rebecca/.m2/repository/org/junit/platform/junit-platform-commons/1.10.0/junit-platform-commons-1.10.0.jar:/home/rebecca/.m2/repository/org/apiguardian/apiguardian-api/1.1.2/apiguardian-api-1.1.2.jar:/home/rebecca/.m2/repository/org/junit/jupiter/junit-jupiter-engine/5.10.0/junit-jupiter-engine-5.10.0.jar:/home/rebecca/.m2/repository/org/junit/platform/junit-platform-engine/1.10.0/junit-platform-engine-1.10.0.jar:/home/rebecca/.m2/repository/org/mockito/mockito-core/5.7.0/mockito-core-5.7.0.jar:/home/rebecca/.m2/repository/net/bytebuddy/byte-buddy/1.14.9/byte-buddy-1.14.9.jar:/home/rebecca/.m2/repository/net/bytebuddy/byte-buddy-agent/1.14.9/byte-buddy-agent-1.14.9.jar:/home/rebecca/.m2/repository/org/objenesis/objenesis/3.3/objenesis-3.3.jar:"/>
    <property name="java.vm.vendor" value="Oracle Corporation"/>
    <property name="sun.arch.data.model" value="64"/>
    <property name="java.vendor.url" value="https://java.oracle.com/"/>
    <property name="os.name" value="Linux"/>
    <property name="java.vm.specification.version" value="21"/>
    <property name="sun.java.launcher" value="SUN_STANDARD"/>
    <property name="user.country" value="FR"/>
    <property name="sun.boot.library.path" value="/opt/jdk-21/lib"/>
    <property name="sun.java.command" value="/home/rebecca/Documents/ENSEIRB/Test logiciel/Projet/TestLogiciel/i3gl-project/target/surefire/surefirebooter-20231221115852583_3.jar /home/rebecca/Documents/ENSEIRB/Test logiciel/Projet/TestLogiciel/i3gl-project/target/surefire 2023-12-21T11-58-52_391-jvmRun1 surefire-20231221115852583_1tmp surefire_0-20231221115852583_2tmp"/>
    <property name="jdk.debug" value="release"/>
    <property name="surefire.test.class.path" value="/home/rebecca/Documents/ENSEIRB/Test logiciel/Projet/TestLogiciel/i3gl-project/target/test-classes:/home/rebecca/Documents/ENSEIRB/Test logiciel/Projet/TestLogiciel/i3gl-project/target/classes:/home/rebecca/.m2/repository/com/squareup/okhttp3/okhttp/4.9.3/okhttp-4.9.3.jar:/home/rebecca/.m2/repository/com/squareup/okio/okio/2.8.0/okio-2.8.0.jar:/home/rebecca/.m2/repository/org/jetbrains/kotlin/kotlin-stdlib-common/1.4.0/kotlin-stdlib-common-1.4.0.jar:/home/rebecca/.m2/repository/org/jetbrains/kotlin/kotlin-stdlib/1.4.10/kotlin-stdlib-1.4.10.jar:/home/rebecca/.m2/repository/org/jetbrains/annotations/13.0/annotations-13.0.jar:/home/rebecca/.m2/repository/org/json/json/20231013/json-20231013.jar:/home/rebecca/.m2/repository/org/junit/jupiter/junit-jupiter-api/5.10.0/junit-jupiter-api-5.10.0.jar:/home/rebecca/.m2/repository/org/opentest4j/opentest4j/1.3.0/opentest4j-1.3.0.jar:/home/rebecca/.m2/repository/org/junit/platform/junit-platform-commons/1.10.0/junit-platform-commons-1.10.0.jar:/home/rebecca/.m2/repository/org/apiguardian/apiguardian-api/1.1.2/apiguardian-api-1.1.2.jar:/home/rebecca/.m2/repository/org/junit/jupiter/junit-jupiter-engine/5.10.0/junit-jupiter-engine-5.10.0.jar:/home/rebecca/.m2/repository/org/junit/platform/junit-platform-engine/1.10.0/junit-platform-engine-1.10.0.jar:/home/rebecca/.m2/repository/org/mockito/mockito-core/5.7.0/mockito-core-5.7.0.jar:/home/rebecca/.m2/repository/net/bytebuddy/byte-buddy/1.14.9/byte-buddy-1.14.9.jar:/home/rebecca/.m2/repository/net/bytebuddy/byte-buddy-agent/1.14.9/byte-buddy-agent-1.14.9.jar:/home/rebecca/.m2/repository/org/objenesis/objenesis/3.3/objenesis-3.3.jar:"/>
    <property name="sun.cpu.endian" value="little"/>
    <property name="user.home" value="/home/rebecca"/>
    <property name="user.language" value="fr"/>
    <property name="java.specification.vendor" value="Oracle Corporation"/>
    <property name="java.version.date" value="2023-09-19"/>
    <property name="java.home" value="/opt/jdk-21"/>
    <property name="file.separator" value="/"/>
    <property name="basedir" value="/home/rebecca/Documents/ENSEIRB/Test logiciel/Projet/TestLogiciel/i3gl-project"/>
    <property name="java.vm.compressedOopsMode" value="Zero based"/>
    <property name="line.separator" value="&#10;"/>
    <property name="java.specification.name" value="Java Platform API Specification"/>
    <property name="java.vm.specification.vendor" value="Oracle Corporation"/>
    <property name="surefire.real.class.path" value="/home/rebecca/Documents/ENSEIRB/Test logiciel/Projet/TestLogiciel/i3gl-project/target/surefire/surefirebooter-20231221115852583_3.jar"/>
    <property name="sun.management.compiler" value="HotSpot 64-Bit Tiered Compilers"/>
    <property name="java.runtime.version" value="21+35-2513"/>
    <property name="user.name" value="rebecca"/>
    <property name="stdout.encoding" value="UTF-8"/>
    <property name="path.separator" value=":"/>
    <property name="os.version" value="6.2.0-37-generic"/>
    <property name="java.runtime.name" value="OpenJDK Runtime Environment"/>
    <property name="file.encoding" value="UTF-8"/>
    <property name="java.vm.name" value="OpenJDK 64-Bit Server VM"/>
    <property name="localRepository" value="/home/rebecca/.m2/repository"/>
    <property name="java.vendor.url.bug" value="https://bugreport.java.com/bugreport/"/>
    <property name="java.io.tmpdir" value="/tmp"/>
    <property name="java.version" value="21"/>
    <property name="user.dir" value="/home/rebecca/Documents/ENSEIRB/Test logiciel/Projet/TestLogiciel/i3gl-project"/>
    <property name="os.arch" value="amd64"/>
    <property name="java.vm.specification.name" value="Java Virtual Machine Specification"/>
    <property name="native.encoding" value="UTF-8"/>
    <property name="java.library.path" value="/usr/java/packages/lib:/usr/lib64:/lib64:/lib:/usr/lib"/>
    <property name="java.vm.info" value="mixed mode, sharing"/>
    <property name="stderr.encoding" value="UTF-8"/>
    <property name="java.vendor" value="Oracle Corporation"/>
    <property name="java.vm.version" value="21+35-2513"/>
    <property name="sun.io.unicode.encoding" value="UnicodeLittle"/>
    <property name="java.class.version" value="65.0"/>
  </properties>
  <testcase name="a_simple_unit_test" classname="exampletests.MyTest" time="0.081"/>
</testsuite>